<?xml version="1.0" encoding="UTF-8"?>
<testsuite xmlns:xsi="http://www.w3.org/2001/XMLSchema-instance" xsi:noNamespaceSchemaLocation="https://maven.apache.org/surefire/maven-surefire-plugin/xsd/surefire-test-report-3.0.xsd" version="3.0" name="com.aishwarya.BankAccountTest" time="0.12" tests="6" errors="0" skipped="0" failures="1">
  <properties>
[...]
</properties>
  <testcase name="testTransactionHistory" classname="com.aishwarya.BankAccountTest" time="0.063">
    <failure message="expected: &lt;true&gt; but was: &lt;false&gt;" type="org.opentest4j.AssertionFailedError"><![CDATA[org.opentest4j.AssertionFailedError: expected: <true> but was: <false>
	at org.junit.jupiter.api.AssertionFailureBuilder.build(AssertionFailureBuilder.java:151)
	at org.junit.jupiter.api.AssertionFailureBuilder.buildAndThrow(AssertionFailureBuilder.java:132)
	at org.junit.jupiter.api.AssertTrue.failNotTrue(AssertTrue.java:63)
	at org.junit.jupiter.api.AssertTrue.assertTrue(AssertTrue.java:36)
	at org.junit.jupiter.api.AssertTrue.assertTrue(AssertTrue.java:31)
	at org.junit.jupiter.api.Assertions.assertTrue(Assertions.java:179)
	at com.aishwarya.BankAccountTest.testTransactionHistory(BankAccountTest.java:62)
	at java.base/java.lang.reflect.Method.invoke(Method.java:580)
	at java.base/java.util.ArrayList.forEach(ArrayList.java:1597)
	at java.base/java.util.ArrayList.forEach(ArrayList.java:1597)
]]></failure>
  </testcase>
  <testcase name="testWithdrawInsufficientFunds" classname="com.aishwarya.BankAccountTest" time="0.0"/>
  <testcase name="testWithdraw" classname="com.aishwarya.BankAccountTest" time="0.008"/>
  <testcase name="testInitialBalanceIsZero" classname="com.aishwarya.BankAccountTest" time="0.005"/>
  <testcase name="testDeposit" classname="com.aishwarya.BankAccountTest" time="0.003"/>
  <testcase name="testNegativeDeposit" classname="com.aishwarya.BankAccountTest" time="0.0"/>
</testsuite>